<?xml version="1.0" encoding="UTF-8"?>
<!-- Generated by org.testng.reporters.JUnitReportReporter -->
<testsuite hostname="ALIPL1785" failures="0" tests="5" name="Test.java.BaseTest" time="11.904" errors="0" timestamp="2022-12-28T17:20:16 IST" skipped="0">
  <testcase classname="Test.java.BaseTest" name="navigateToHomePage" time="0.046"/>
  <system-out/>
  <testcase classname="Test.java.BaseTest" name="clickOnOneWaytrip" time="1.313"/>
  <system-out/>
  <testcase classname="Test.java.BaseTest" name="SelectFromPlace" time="0.263"/>
  <system-out/>
  <testcase classname="Test.java.BaseTest" name="SelectToPlace" time="10.225"/>
  <system-out/>
  <testcase classname="Test.java.BaseTest" name="SelectSingleJrnyDate" time="0.057"/>
  <system-out/>
</testsuite> <!-- Test.java.BaseTest -->
